<?xml version="1.0" encoding="UTF-8"?>
<testng-results skipped="0" failed="0" total="1" passed="1">
  <reporter-output>
  </reporter-output>
  <suite name="Default suite" duration-ms="4260" started-at="2018-11-16T12:45:00Z" finished-at="2018-11-16T12:45:05Z">
    <groups>
    </groups>
    <test name="Default test" duration-ms="4260" started-at="2018-11-16T12:45:00Z" finished-at="2018-11-16T12:45:05Z">
      <class name="com.rest.test.RestMethdTest">
        <test-method status="PASS" signature="searchTest()[pri:0, instance:com.rest.test.RestMethdTest@70fda8]" name="searchTest" duration-ms="4229" started-at="2018-11-16T18:15:00Z" finished-at="2018-11-16T18:15:05Z">
          <reporter-output>
          </reporter-output>
        </test-method> <!-- searchTest -->
      </class> <!-- com.rest.test.RestMethdTest -->
    </test> <!-- Default test -->
  </suite> <!-- Default suite -->
</testng-results>
